<?xml version="1.0" encoding="UTF-8"?>
<testng-results ignored="0" total="1" passed="1" failed="0" skipped="0">
  <reporter-output>
  </reporter-output>
  <suite started-at="2023-10-09T12:34:20 IST" name="Default suite" finished-at="2023-10-09T12:35:21 IST" duration-ms="61130">
    <groups>
    </groups>
    <test started-at="2023-10-09T12:34:20 IST" name="Default test" finished-at="2023-10-09T12:35:21 IST" duration-ms="61130">
      <class name="com.labourform.test.ValidateSearchEmployeeButton">
        <test-method is-config="true" signature="BrowserOpen()[pri:0, instance:com.labourform.test.ValidateSearchEmployeeButton@16610890]" started-at="2023-10-09T12:34:20 IST" name="BrowserOpen" finished-at="2023-10-09T12:34:52 IST" duration-ms="31811" status="PASS">
          <reporter-output>
          </reporter-output>
        </test-method> <!-- BrowserOpen -->
        <test-method signature="ValidateSearchBox()[pri:0, instance:com.labourform.test.ValidateSearchEmployeeButton@16610890]" started-at="2023-10-09T12:34:52 IST" name="ValidateSearchBox" finished-at="2023-10-09T12:35:20 IST" duration-ms="28089" status="PASS">
          <reporter-output>
          </reporter-output>
        </test-method> <!-- ValidateSearchBox -->
        <test-method is-config="true" signature="BrowserClose()[pri:0, instance:com.labourform.test.ValidateSearchEmployeeButton@16610890]" started-at="2023-10-09T12:35:20 IST" name="BrowserClose" finished-at="2023-10-09T12:35:21 IST" duration-ms="1084" status="PASS">
          <reporter-output>
          </reporter-output>
        </test-method> <!-- BrowserClose -->
      </class> <!-- com.labourform.test.ValidateSearchEmployeeButton -->
    </test> <!-- Default test -->
  </suite> <!-- Default suite -->
</testng-results>
